<?xml version="1.0" encoding="UTF-8"?>
<testng-results ignored="3" total="14" passed="10" failed="1" skipped="0">
  <reporter-output>
  </reporter-output>
  <suite started-at="2024-05-06T11:02:47 IST" name="Bank Loan" finished-at="2024-05-06T11:02:47 IST" duration-ms="191">
    <groups>
    </groups>
    <test started-at="2024-05-06T11:02:47 IST" name="Personal Loan" finished-at="2024-05-06T11:02:47 IST" duration-ms="66">
      <class name="test.Test2">
        <test-method signature="APIPropertyLoan()[pri:0, instance:test.Test2@3514a4c0]" started-at="2024-05-06T11:02:47 IST" name="APIPropertyLoan" finished-at="2024-05-06T11:02:47 IST" duration-ms="1" status="PASS">
          <reporter-output>
          </reporter-output>
        </test-method> <!-- APIPropertyLoan -->
        <test-method signature="MobilePropertyLoan()[pri:0, instance:test.Test2@3514a4c0]" started-at="2024-05-06T11:02:47 IST" name="MobilePropertyLoan" finished-at="2024-05-06T11:02:47 IST" duration-ms="1" status="PASS">
          <reporter-output>
          </reporter-output>
        </test-method> <!-- MobilePropertyLoan -->
        <test-method signature="WebPropertyLoan()[pri:0, instance:test.Test2@3514a4c0]" started-at="2024-05-06T11:02:47 IST" name="WebPropertyLoan" finished-at="2024-05-06T11:02:47 IST" duration-ms="1" status="PASS">
          <reporter-output>
          </reporter-output>
        </test-method> <!-- WebPropertyLoan -->
      </class> <!-- test.Test2 -->
      <class name="test.Test1">
        <test-method signature="WebPersonalLoan()[pri:0, instance:test.Test1@5ace1ed4]" started-at="2024-05-06T11:02:47 IST" name="WebPersonalLoan" finished-at="2024-05-06T11:02:47 IST" duration-ms="11" status="FAIL">
          <exception class="java.lang.AssertionError">
            <message>
              <![CDATA[expected [true] but found [false]]]>
            </message>
            <full-stacktrace>
              <![CDATA[java.lang.AssertionError: expected [true] but found [false]
at org.testng.Assert.fail(Assert.java:99)
at org.testng.Assert.failNotEquals(Assert.java:1037)
at org.testng.Assert.assertTrue(Assert.java:45)
at org.testng.Assert.assertTrue(Assert.java:55)
at test.Test1.WebPersonalLoan(Test1.java:12)
at java.base/jdk.internal.reflect.NativeMethodAccessorImpl.invoke0(Native Method)
at java.base/jdk.internal.reflect.NativeMethodAccessorImpl.invoke(NativeMethodAccessorImpl.java:77)
at java.base/jdk.internal.reflect.DelegatingMethodAccessorImpl.invoke(DelegatingMethodAccessorImpl.java:43)
at java.base/java.lang.reflect.Method.invoke(Method.java:568)
at org.testng.internal.MethodInvocationHelper.invokeMethod(MethodInvocationHelper.java:133)
at org.testng.internal.TestInvoker.invokeMethod(TestInvoker.java:598)
at org.testng.internal.TestInvoker.invokeTestMethod(TestInvoker.java:173)
at org.testng.internal.MethodRunner.runInSequence(MethodRunner.java:46)
at org.testng.internal.TestInvoker$MethodInvocationAgent.invoke(TestInvoker.java:824)
at org.testng.internal.TestInvoker.invokeTestMethods(TestInvoker.java:146)
at org.testng.internal.TestMethodWorker.invokeTestMethods(TestMethodWorker.java:146)
at org.testng.internal.TestMethodWorker.run(TestMethodWorker.java:128)
at java.base/java.util.ArrayList.forEach(ArrayList.java:1511)
at org.testng.TestRunner.privateRun(TestRunner.java:794)
at org.testng.TestRunner.run(TestRunner.java:596)
at org.testng.SuiteRunner.runTest(SuiteRunner.java:377)
at org.testng.SuiteRunner.runSequentially(SuiteRunner.java:371)
at org.testng.SuiteRunner.privateRun(SuiteRunner.java:332)
at org.testng.SuiteRunner.run(SuiteRunner.java:276)
at org.testng.SuiteRunnerWorker.runSuite(SuiteRunnerWorker.java:53)
at org.testng.SuiteRunnerWorker.run(SuiteRunnerWorker.java:96)
at org.testng.TestNG.runSuitesSequentially(TestNG.java:1212)
at org.testng.TestNG.runSuitesLocally(TestNG.java:1134)
at org.testng.TestNG.runSuites(TestNG.java:1063)
at org.testng.TestNG.run(TestNG.java:1031)
at org.testng.remote.AbstractRemoteTestNG.run(AbstractRemoteTestNG.java:115)
at org.testng.remote.RemoteTestNG.initAndRun(RemoteTestNG.java:293)
at org.testng.remote.RemoteTestNG.main(RemoteTestNG.java:91)
]]>
            </full-stacktrace>
          </exception> <!-- java.lang.AssertionError -->
          <reporter-output>
          </reporter-output>
        </test-method> <!-- WebPersonalLoan -->
      </class> <!-- test.Test1 -->
    </test> <!-- Personal Loan -->
    <test started-at="2024-05-06T11:02:47 IST" name="Other Loan" finished-at="2024-05-06T11:02:47 IST" duration-ms="22">
      <class name="test.Test4">
        <test-method signature="APIHomeLoan()[pri:0, instance:test.Test4@1de76cc7]" started-at="2024-05-06T11:02:47 IST" name="APIHomeLoan" finished-at="2024-05-06T11:02:47 IST" duration-ms="1" status="PASS">
          <reporter-output>
          </reporter-output>
        </test-method> <!-- APIHomeLoan -->
        <test-method signature="WebHomeLoan()[pri:0, instance:test.Test4@1de76cc7]" started-at="2024-05-06T11:02:47 IST" name="WebHomeLoan" finished-at="2024-05-06T11:02:47 IST" duration-ms="0" status="PASS">
          <reporter-output>
          </reporter-output>
        </test-method> <!-- WebHomeLoan -->
      </class> <!-- test.Test4 -->
      <class name="test.Test3">
        <test-method signature="APICarLoan()[pri:0, instance:test.Test3@485966cc]" started-at="2024-05-06T11:02:47 IST" name="APICarLoan" finished-at="2024-05-06T11:02:47 IST" duration-ms="2" status="PASS">
          <reporter-output>
          </reporter-output>
        </test-method> <!-- APICarLoan -->
        <test-method signature="MobileCarLoan()[pri:0, instance:test.Test3@485966cc]" started-at="2024-05-06T11:02:47 IST" name="MobileCarLoan" finished-at="2024-05-06T11:02:47 IST" duration-ms="2" status="PASS">
          <reporter-output>
          </reporter-output>
        </test-method> <!-- MobileCarLoan -->
        <test-method signature="WebCarLoan(java.lang.String,java.lang.String)[pri:0, instance:test.Test3@485966cc]" started-at="2024-05-06T11:02:47 IST" name="WebCarLoan" data-provider="getData" finished-at="2024-05-06T11:02:47 IST" duration-ms="1" status="PASS">
          <params>
            <param index="0">
              <value>
                <![CDATA[FirstSetUsername]]>
              </value>
            </param>
            <param index="1">
              <value>
                <![CDATA[FirstSetPassword]]>
              </value>
            </param>
          </params>
          <reporter-output>
          </reporter-output>
        </test-method> <!-- WebCarLoan -->
        <test-method signature="WebCarLoan(java.lang.String,java.lang.String)[pri:0, instance:test.Test3@485966cc]" started-at="2024-05-06T11:02:47 IST" name="WebCarLoan" data-provider="getData" finished-at="2024-05-06T11:02:47 IST" duration-ms="1" status="PASS">
          <params>
            <param index="0">
              <value>
                <![CDATA[SecondSetUsername]]>
              </value>
            </param>
            <param index="1">
              <value>
                <![CDATA[SecondSetPassword]]>
              </value>
            </param>
          </params>
          <reporter-output>
          </reporter-output>
        </test-method> <!-- WebCarLoan -->
        <test-method signature="WebCarLoan(java.lang.String,java.lang.String)[pri:0, instance:test.Test3@485966cc]" started-at="2024-05-06T11:02:47 IST" name="WebCarLoan" data-provider="getData" finished-at="2024-05-06T11:02:47 IST" duration-ms="0" status="PASS">
          <params>
            <param index="0">
              <value>
                <![CDATA[ThirdSetUsername]]>
              </value>
            </param>
            <param index="1">
              <value>
                <![CDATA[ThirdSetPassword]]>
              </value>
            </param>
          </params>
          <reporter-output>
          </reporter-output>
        </test-method> <!-- WebCarLoan -->
      </class> <!-- test.Test3 -->
    </test> <!-- Other Loan -->
  </suite> <!-- Bank Loan -->
</testng-results>
