<?xml version="1.0" encoding="UTF-8"?>
<testng-results ignored="0" total="5" passed="3" failed="1" skipped="1">
  <reporter-output>
  </reporter-output>
  <suite started-at="2024-06-06T18:37:10Z" name="Suite" finished-at="2024-06-06T18:37:38Z" duration-ms="28032">
    <groups>
      <group name="Purchase">
        <method signature="SubmitOrder.SubmitOrder(java.util.HashMap)[pri:0, instance:aniketkanselearning.tests.SubmitOrder@6d8792db]" name="SubmitOrder" class="aniketkanselearning.tests.SubmitOrder"/>
      </group> <!-- Purchase -->
      <group name="ErrorHandling">
        <method signature="ErrorValidation.SubmitOrder()[pri:0, instance:aniketkanselearning.tests.ErrorValidation@72e34f77]" name="SubmitOrder" class="aniketkanselearning.tests.ErrorValidation"/>
      </group> <!-- ErrorHandling -->
    </groups>
    <test started-at="2024-06-06T18:37:10Z" name="ErrorValidationTest" finished-at="2024-06-06T18:37:19Z" duration-ms="8713">
      <class name="aniketkanselearning.tests.ErrorValidation">
        <test-method is-config="true" signature="LaunchApplication()[pri:0, instance:aniketkanselearning.tests.ErrorValidation@72e34f77]" started-at="2024-06-07T00:07:10Z" name="LaunchApplication" finished-at="2024-06-07T00:07:13Z" duration-ms="2519" status="PASS">
          <reporter-output>
          </reporter-output>
        </test-method> <!-- LaunchApplication -->
        <test-method signature="SubmitOrder()[pri:0, instance:aniketkanselearning.tests.ErrorValidation@72e34f77]" started-at="2024-06-07T00:07:13Z" name="SubmitOrder" finished-at="2024-06-07T00:07:15Z" duration-ms="2167" status="SKIP">
          <exception class="java.lang.AssertionError">
            <message>
              <![CDATA[expected [Incorrect email or password.] but found [Incorrect email o password.]]]>
            </message>
            <full-stacktrace>
              <![CDATA[java.lang.AssertionError: expected [Incorrect email or password.] but found [Incorrect email o password.]
	at org.testng.Assert.fail(Assert.java:93)
	at org.testng.Assert.failNotEquals(Assert.java:512)
	at org.testng.Assert.assertEqualsImpl(Assert.java:134)
	at org.testng.Assert.assertEquals(Assert.java:115)
	at org.testng.Assert.assertEquals(Assert.java:189)
	at org.testng.Assert.assertEquals(Assert.java:199)
	at aniketkanselearning.tests.ErrorValidation.SubmitOrder(ErrorValidation.java:36)
	at java.base/jdk.internal.reflect.NativeMethodAccessorImpl.invoke0(Native Method)
	at java.base/jdk.internal.reflect.NativeMethodAccessorImpl.invoke(NativeMethodAccessorImpl.java:77)
	at java.base/jdk.internal.reflect.DelegatingMethodAccessorImpl.invoke(DelegatingMethodAccessorImpl.java:43)
	at java.base/java.lang.reflect.Method.invoke(Method.java:568)
	at org.testng.internal.MethodInvocationHelper.invokeMethod(MethodInvocationHelper.java:108)
	at org.testng.internal.Invoker.invokeMethod(Invoker.java:661)
	at org.testng.internal.Invoker.invokeTestMethod(Invoker.java:869)
	at org.testng.internal.Invoker.invokeTestMethods(Invoker.java:1193)
	at org.testng.internal.TestMethodWorker.invokeTestMethods(TestMethodWorker.java:126)
	at org.testng.internal.TestMethodWorker.run(TestMethodWorker.java:109)
	at org.testng.TestRunner.privateRun(TestRunner.java:744)
	at org.testng.TestRunner.run(TestRunner.java:602)
	at org.testng.SuiteRunner.runTest(SuiteRunner.java:380)
	at org.testng.SuiteRunner.access$000(SuiteRunner.java:39)
	at org.testng.SuiteRunner$SuiteWorker.run(SuiteRunner.java:414)
	at org.testng.internal.thread.ThreadUtil$1.call(ThreadUtil.java:52)
	at java.base/java.util.concurrent.FutureTask.run(FutureTask.java:264)
	at java.base/java.util.concurrent.ThreadPoolExecutor.runWorker(ThreadPoolExecutor.java:1136)
	at java.base/java.util.concurrent.ThreadPoolExecutor$Worker.run(ThreadPoolExecutor.java:635)
	at java.base/java.lang.Thread.run(Thread.java:840)
]]>
            </full-stacktrace>
          </exception> <!-- java.lang.AssertionError -->
          <reporter-output>
          </reporter-output>
        </test-method> <!-- SubmitOrder -->
        <test-method is-config="true" signature="CloseBrowser()[pri:0, instance:aniketkanselearning.tests.ErrorValidation@72e34f77]" started-at="2024-06-07T00:07:15Z" name="CloseBrowser" finished-at="2024-06-07T00:07:15Z" duration-ms="213" status="PASS">
          <reporter-output>
          </reporter-output>
        </test-method> <!-- CloseBrowser -->
        <test-method is-config="true" signature="LaunchApplication()[pri:0, instance:aniketkanselearning.tests.ErrorValidation@72e34f77]" started-at="2024-06-07T00:07:15Z" name="LaunchApplication" finished-at="2024-06-07T00:07:17Z" duration-ms="2243" status="PASS">
          <reporter-output>
          </reporter-output>
        </test-method> <!-- LaunchApplication -->
        <test-method signature="SubmitOrder()[pri:0, instance:aniketkanselearning.tests.ErrorValidation@72e34f77]" started-at="2024-06-07T00:07:17Z" name="SubmitOrder" finished-at="2024-06-07T00:07:18Z" duration-ms="1097" status="FAIL">
          <exception class="java.lang.AssertionError">
            <message>
              <![CDATA[expected [Incorrect email or password.] but found [Incorrect email o password.]]]>
            </message>
            <full-stacktrace>
              <![CDATA[java.lang.AssertionError: expected [Incorrect email or password.] but found [Incorrect email o password.]
	at org.testng.Assert.fail(Assert.java:93)
	at org.testng.Assert.failNotEquals(Assert.java:512)
	at org.testng.Assert.assertEqualsImpl(Assert.java:134)
	at org.testng.Assert.assertEquals(Assert.java:115)
	at org.testng.Assert.assertEquals(Assert.java:189)
	at org.testng.Assert.assertEquals(Assert.java:199)
	at aniketkanselearning.tests.ErrorValidation.SubmitOrder(ErrorValidation.java:36)
	at java.base/jdk.internal.reflect.NativeMethodAccessorImpl.invoke0(Native Method)
	at java.base/jdk.internal.reflect.NativeMethodAccessorImpl.invoke(NativeMethodAccessorImpl.java:77)
	at java.base/jdk.internal.reflect.DelegatingMethodAccessorImpl.invoke(DelegatingMethodAccessorImpl.java:43)
	at java.base/java.lang.reflect.Method.invoke(Method.java:568)
	at org.testng.internal.MethodInvocationHelper.invokeMethod(MethodInvocationHelper.java:108)
	at org.testng.internal.Invoker.invokeMethod(Invoker.java:661)
	at org.testng.internal.Invoker.retryFailed(Invoker.java:1014)
	at org.testng.internal.Invoker.invokeTestMethods(Invoker.java:1215)
	at org.testng.internal.TestMethodWorker.invokeTestMethods(TestMethodWorker.java:126)
	at org.testng.internal.TestMethodWorker.run(TestMethodWorker.java:109)
	at org.testng.TestRunner.privateRun(TestRunner.java:744)
	at org.testng.TestRunner.run(TestRunner.java:602)
	at org.testng.SuiteRunner.runTest(SuiteRunner.java:380)
	at org.testng.SuiteRunner.access$000(SuiteRunner.java:39)
	at org.testng.SuiteRunner$SuiteWorker.run(SuiteRunner.java:414)
	at org.testng.internal.thread.ThreadUtil$1.call(ThreadUtil.java:52)
	at java.base/java.util.concurrent.FutureTask.run(FutureTask.java:264)
	at java.base/java.util.concurrent.ThreadPoolExecutor.runWorker(ThreadPoolExecutor.java:1136)
	at java.base/java.util.concurrent.ThreadPoolExecutor$Worker.run(ThreadPoolExecutor.java:635)
	at java.base/java.lang.Thread.run(Thread.java:840)
]]>
            </full-stacktrace>
          </exception> <!-- java.lang.AssertionError -->
          <reporter-output>
          </reporter-output>
        </test-method> <!-- SubmitOrder -->
        <test-method is-config="true" signature="CloseBrowser()[pri:0, instance:aniketkanselearning.tests.ErrorValidation@72e34f77]" started-at="2024-06-07T00:07:19Z" name="CloseBrowser" finished-at="2024-06-07T00:07:19Z" duration-ms="165" status="PASS">
          <reporter-output>
          </reporter-output>
        </test-method> <!-- CloseBrowser -->
      </class> <!-- aniketkanselearning.tests.ErrorValidation -->
    </test> <!-- ErrorValidationTest -->
    <test started-at="2024-06-06T18:37:10Z" name="SubmitTest" finished-at="2024-06-06T18:37:38Z" duration-ms="28032">
      <class name="aniketkanselearning.tests.SubmitOrder">
        <test-method is-config="true" signature="LaunchApplication()[pri:0, instance:aniketkanselearning.tests.SubmitOrder@6d8792db]" started-at="2024-06-07T00:07:10Z" name="LaunchApplication" finished-at="2024-06-07T00:07:13Z" duration-ms="2178" status="PASS">
          <reporter-output>
          </reporter-output>
        </test-method> <!-- LaunchApplication -->
        <test-method signature="SubmitOrder(java.util.HashMap)[pri:0, instance:aniketkanselearning.tests.SubmitOrder@6d8792db]" started-at="2024-06-07T00:07:13Z" name="SubmitOrder" data-provider="getData" finished-at="2024-06-07T00:07:18Z" duration-ms="5201" status="PASS">
          <params>
            <param index="0">
              <value>
                <![CDATA[{password=Aniket@123, product=ADIDAS ORIGINAL, email=abc9696@gmail.com}]]>
              </value>
            </param>
          </params>
          <reporter-output>
          </reporter-output>
        </test-method> <!-- SubmitOrder -->
        <test-method is-config="true" signature="CloseBrowser()[pri:0, instance:aniketkanselearning.tests.SubmitOrder@6d8792db]" started-at="2024-06-07T00:07:18Z" name="CloseBrowser" finished-at="2024-06-07T00:07:18Z" duration-ms="129" status="PASS">
          <reporter-output>
          </reporter-output>
        </test-method> <!-- CloseBrowser -->
        <test-method is-config="true" signature="LaunchApplication()[pri:0, instance:aniketkanselearning.tests.SubmitOrder@6d8792db]" started-at="2024-06-07T00:07:18Z" name="LaunchApplication" finished-at="2024-06-07T00:07:20Z" duration-ms="2370" status="PASS">
          <reporter-output>
          </reporter-output>
        </test-method> <!-- LaunchApplication -->
        <test-method signature="SubmitOrder(java.util.HashMap)[pri:0, instance:aniketkanselearning.tests.SubmitOrder@6d8792db]" started-at="2024-06-07T00:07:20Z" name="SubmitOrder" data-provider="getData" finished-at="2024-06-07T00:07:35Z" duration-ms="14397" status="PASS">
          <params>
            <param index="0">
              <value>
                <![CDATA[{password=Swati@123, product=ADIDAS ORIGINAL, email=swati143@gmail.com}]]>
              </value>
            </param>
          </params>
          <reporter-output>
          </reporter-output>
        </test-method> <!-- SubmitOrder -->
        <test-method is-config="true" signature="CloseBrowser()[pri:0, instance:aniketkanselearning.tests.SubmitOrder@6d8792db]" started-at="2024-06-07T00:07:35Z" name="CloseBrowser" finished-at="2024-06-07T00:07:35Z" duration-ms="154" status="PASS">
          <reporter-output>
          </reporter-output>
        </test-method> <!-- CloseBrowser -->
        <test-method is-config="true" signature="LaunchApplication()[pri:0, instance:aniketkanselearning.tests.SubmitOrder@6d8792db]" started-at="2024-06-07T00:07:35Z" name="LaunchApplication" finished-at="2024-06-07T00:07:37Z" duration-ms="2456" status="PASS">
          <reporter-output>
          </reporter-output>
        </test-method> <!-- LaunchApplication -->
        <test-method signature="OrderHistory()[pri:0, instance:aniketkanselearning.tests.SubmitOrder@6d8792db]" started-at="2024-06-07T00:07:37Z" name="OrderHistory" finished-at="2024-06-07T00:07:38Z" depends-on-methods="aniketkanselearning.tests.SubmitOrder.SubmitOrder" duration-ms="710" status="PASS">
          <reporter-output>
          </reporter-output>
        </test-method> <!-- OrderHistory -->
        <test-method is-config="true" signature="CloseBrowser()[pri:0, instance:aniketkanselearning.tests.SubmitOrder@6d8792db]" started-at="2024-06-07T00:07:38Z" name="CloseBrowser" finished-at="2024-06-07T00:07:38Z" duration-ms="74" status="PASS">
          <reporter-output>
          </reporter-output>
        </test-method> <!-- CloseBrowser -->
      </class> <!-- aniketkanselearning.tests.SubmitOrder -->
    </test> <!-- SubmitTest -->
  </suite> <!-- Suite -->
</testng-results>
