<!DOCTYPE html PUBLIC "-//W3C//DTD XHTML 1.1//EN" "http://www.w3.org/TR/xhtml11/DTD/xhtml11.dtd">
<html xmlns="http://www.w3.org/1999/xhtml"><head><title>TestNG Report</title><style type="text/css">table {margin-bottom:10px;border-collapse:collapse;empty-cells:show}th,td {border:1px solid #009;padding:.25em .5em}th {vertical-align:bottom}td {vertical-align:top}table a {font-weight:bold}.stripe td {background-color: #E6EBF9}.num {text-align:right}.passedodd td {background-color: #3F3}.passedeven td {background-color: #0A0}.skippedodd td {background-color: #DDD}.skippedeven td {background-color: #CCC}.failedodd td,.attn {background-color: #F33}.failedeven td,.stripe .attn {background-color: #D00}.stacktrace {white-space:pre;font-family:monospace}.totop {font-size:85%;text-align:center;border-bottom:2px solid #000}</style></head><body><table><tr><th>Test</th><th># Passed</th><th># Skipped</th><th># Failed</th><th>Time (ms)</th><th>Included Groups</th><th>Excluded Groups</th></tr><tr><th colspan="7">Suite</th></tr><tr><td><a href="#t0">SubmitTest</a></td><td class="num">3</td><td class="num">0</td><td class="num">0</td><td class="num">50,408</td><td></td><td></td></tr><tr class="stripe"><td><a href="#t1">ErrorValidationTest</a></td><td class="num">0</td><td class="num attn">1</td><td class="num attn">1</td><td class="num">9,340</td><td></td><td></td></tr><tr><th>Total</th><th class="num">3</th><th class="num attn">1</th><th class="num attn">1</th><th class="num">59,748</th><th colspan="2"></th></tr></table><table id='summary'><thead><tr><th>Class</th><th>Method</th><th>Start</th><th>Time (ms)</th></tr></thead><tbody><tr><th colspan="4">Suite</th></tr></tbody><tbody id="t0"><tr><th colspan="4">SubmitTest &#8212; passed</th></tr><tr class="passedeven"><td rowspan="3">aniketkanselearning.tests.SubmitOrder</td><td><a href="#m0">OrderHistory</a></td><td rowspan="1">1720956482882</td><td rowspan="1">992</td></tr><tr class="passedeven"><td><a href="#m1">SubmitOrder</a></td><td rowspan="2">1720956444151</td><td rowspan="2">16537</td></tr><tr class="passedeven"><td><a href="#m2">SubmitOrder</a></td></tr></tbody><tbody id="t1"><tr><th colspan="4">ErrorValidationTest &#8212; failed</th></tr><tr class="failedeven"><td rowspan="1">aniketkanselearning.tests.ErrorValidation</td><td><a href="#m3">SubmitOrder</a></td><td rowspan="1">1720956491804</td><td rowspan="1">1500</td></tr><tr><th colspan="4">ErrorValidationTest &#8212; skipped</th></tr><tr class="skippedeven"><td rowspan="1">aniketkanselearning.tests.ErrorValidation</td><td><a href="#m4">SubmitOrder</a></td><td rowspan="1">1720956487121</td><td rowspan="1">1358</td></tr></tbody></table><h2>SubmitTest</h2><h3 id="m0">aniketkanselearning.tests.SubmitOrder#OrderHistory</h3><table class="result"></table><p class="totop"><a href="#summary">back to summary</a></p><h3 id="m1">aniketkanselearning.tests.SubmitOrder#SubmitOrder</h3><table class="result"><tr class="param"><th>Parameter #1</th></tr><tr class="param stripe"><td>{password=Aniket@123, product=ADIDAS ORIGINAL, email=abc9696@gmail.com}</td></tr></table><p class="totop"><a href="#summary">back to summary</a></p><h3 id="m2">aniketkanselearning.tests.SubmitOrder#SubmitOrder</h3><table class="result"><tr class="param"><th>Parameter #1</th></tr><tr class="param stripe"><td>{password=Swati@123, product=ADIDAS ORIGINAL, email=swati143@gmail.com}</td></tr></table><p class="totop"><a href="#summary">back to summary</a></p><h2>ErrorValidationTest</h2><h3 id="m3">aniketkanselearning.tests.ErrorValidation#SubmitOrder</h3><table class="result"><tr><th>Exception</th></tr><tr><td><div class="stacktrace">java.lang.AssertionError: expected [Incorrect email or password.] but found [Incorrect email o password.]
	at aniketkanselearning.tests.ErrorValidation.SubmitOrder(ErrorValidation.java:36)
... Removed 31 stack frames</div></td></tr></table><p class="totop"><a href="#summary">back to summary</a></p><h3 id="m4">aniketkanselearning.tests.ErrorValidation#SubmitOrder</h3><table class="result"><tr><th>Exception</th></tr><tr><td><div class="stacktrace">java.lang.AssertionError: expected [Incorrect email or password.] but found [Incorrect email o password.]
	at aniketkanselearning.tests.ErrorValidation.SubmitOrder(ErrorValidation.java:36)
... Removed 31 stack frames</div></td></tr></table><p class="totop"><a href="#summary">back to summary</a></p></body></html>