<?xml version="1.0" encoding="UTF-8"?>
<testng-results ignored="0" total="5" passed="3" failed="1" skipped="1">
  <reporter-output>
  </reporter-output>
  <suite started-at="2024-07-14T11:27:13Z" name="Suite" finished-at="2024-07-14T11:28:13Z" duration-ms="59874">
    <groups>
      <group name="Purchase">
        <method signature="SubmitOrder.SubmitOrder(java.util.HashMap)[pri:0, instance:aniketkanselearning.tests.SubmitOrder@906d29b]" name="SubmitOrder" class="aniketkanselearning.tests.SubmitOrder"/>
      </group> <!-- Purchase -->
      <group name="ErrorHandling">
        <method signature="ErrorValidation.SubmitOrder()[pri:0, instance:aniketkanselearning.tests.ErrorValidation@33b1c5c5]" name="SubmitOrder" class="aniketkanselearning.tests.ErrorValidation"/>
      </group> <!-- ErrorHandling -->
    </groups>
    <test started-at="2024-07-14T11:27:13Z" name="SubmitTest" finished-at="2024-07-14T11:28:03Z" duration-ms="50408">
      <class name="aniketkanselearning.tests.SubmitOrder">
        <test-method is-config="true" signature="LaunchApplication()[pri:0, instance:aniketkanselearning.tests.SubmitOrder@906d29b]" started-at="2024-07-14T16:57:14Z" name="LaunchApplication" finished-at="2024-07-14T16:57:24Z" duration-ms="10031" status="PASS">
          <reporter-output>
          </reporter-output>
        </test-method> <!-- LaunchApplication -->
        <test-method signature="SubmitOrder(java.util.HashMap)[pri:0, instance:aniketkanselearning.tests.SubmitOrder@906d29b]" started-at="2024-07-14T16:57:24Z" name="SubmitOrder" data-provider="getData" finished-at="2024-07-14T16:57:40Z" duration-ms="16537" status="PASS">
          <params>
            <param index="0">
              <value>
                <![CDATA[{password=Aniket@123, product=ADIDAS ORIGINAL, email=abc9696@gmail.com}]]>
              </value>
            </param>
          </params>
          <reporter-output>
          </reporter-output>
        </test-method> <!-- SubmitOrder -->
        <test-method is-config="true" signature="CloseBrowser()[pri:0, instance:aniketkanselearning.tests.SubmitOrder@906d29b]" started-at="2024-07-14T16:57:40Z" name="CloseBrowser" finished-at="2024-07-14T16:57:40Z" duration-ms="193" status="PASS">
          <reporter-output>
          </reporter-output>
        </test-method> <!-- CloseBrowser -->
        <test-method is-config="true" signature="LaunchApplication()[pri:0, instance:aniketkanselearning.tests.SubmitOrder@906d29b]" started-at="2024-07-14T16:57:40Z" name="LaunchApplication" finished-at="2024-07-14T16:57:44Z" duration-ms="3573" status="PASS">
          <reporter-output>
          </reporter-output>
        </test-method> <!-- LaunchApplication -->
        <test-method signature="SubmitOrder(java.util.HashMap)[pri:0, instance:aniketkanselearning.tests.SubmitOrder@906d29b]" started-at="2024-07-14T16:57:44Z" name="SubmitOrder" data-provider="getData" finished-at="2024-07-14T16:58:00Z" duration-ms="15669" status="PASS">
          <params>
            <param index="0">
              <value>
                <![CDATA[{password=Swati@123, product=ADIDAS ORIGINAL, email=swati143@gmail.com}]]>
              </value>
            </param>
          </params>
          <reporter-output>
          </reporter-output>
        </test-method> <!-- SubmitOrder -->
        <test-method is-config="true" signature="CloseBrowser()[pri:0, instance:aniketkanselearning.tests.SubmitOrder@906d29b]" started-at="2024-07-14T16:58:00Z" name="CloseBrowser" finished-at="2024-07-14T16:58:00Z" duration-ms="176" status="PASS">
          <reporter-output>
          </reporter-output>
        </test-method> <!-- CloseBrowser -->
        <test-method is-config="true" signature="LaunchApplication()[pri:0, instance:aniketkanselearning.tests.SubmitOrder@906d29b]" started-at="2024-07-14T16:58:00Z" name="LaunchApplication" finished-at="2024-07-14T16:58:02Z" duration-ms="2559" status="PASS">
          <reporter-output>
          </reporter-output>
        </test-method> <!-- LaunchApplication -->
        <test-method signature="OrderHistory()[pri:0, instance:aniketkanselearning.tests.SubmitOrder@906d29b]" started-at="2024-07-14T16:58:02Z" name="OrderHistory" finished-at="2024-07-14T16:58:03Z" depends-on-methods="aniketkanselearning.tests.SubmitOrder.SubmitOrder" duration-ms="992" status="PASS">
          <reporter-output>
          </reporter-output>
        </test-method> <!-- OrderHistory -->
        <test-method is-config="true" signature="CloseBrowser()[pri:0, instance:aniketkanselearning.tests.SubmitOrder@906d29b]" started-at="2024-07-14T16:58:03Z" name="CloseBrowser" finished-at="2024-07-14T16:58:03Z" duration-ms="97" status="PASS">
          <reporter-output>
          </reporter-output>
        </test-method> <!-- CloseBrowser -->
      </class> <!-- aniketkanselearning.tests.SubmitOrder -->
    </test> <!-- SubmitTest -->
    <test started-at="2024-07-14T11:28:04Z" name="ErrorValidationTest" finished-at="2024-07-14T11:28:13Z" duration-ms="9340">
      <class name="aniketkanselearning.tests.ErrorValidation">
        <test-method is-config="true" signature="LaunchApplication()[pri:0, instance:aniketkanselearning.tests.ErrorValidation@33b1c5c5]" started-at="2024-07-14T16:58:04Z" name="LaunchApplication" finished-at="2024-07-14T16:58:07Z" duration-ms="3022" status="PASS">
          <reporter-output>
          </reporter-output>
        </test-method> <!-- LaunchApplication -->
        <test-method signature="SubmitOrder()[pri:0, instance:aniketkanselearning.tests.ErrorValidation@33b1c5c5]" started-at="2024-07-14T16:58:07Z" name="SubmitOrder" finished-at="2024-07-14T16:58:08Z" duration-ms="1358" status="SKIP">
          <exception class="java.lang.AssertionError">
            <message>
              <![CDATA[expected [Incorrect email or password.] but found [Incorrect email o password.]]]>
            </message>
            <full-stacktrace>
              <![CDATA[java.lang.AssertionError: expected [Incorrect email or password.] but found [Incorrect email o password.]
	at org.testng.Assert.fail(Assert.java:93)
	at org.testng.Assert.failNotEquals(Assert.java:512)
	at org.testng.Assert.assertEqualsImpl(Assert.java:134)
	at org.testng.Assert.assertEquals(Assert.java:115)
	at org.testng.Assert.assertEquals(Assert.java:189)
	at org.testng.Assert.assertEquals(Assert.java:199)
	at aniketkanselearning.tests.ErrorValidation.SubmitOrder(ErrorValidation.java:36)
	at java.base/jdk.internal.reflect.NativeMethodAccessorImpl.invoke0(Native Method)
	at java.base/jdk.internal.reflect.NativeMethodAccessorImpl.invoke(NativeMethodAccessorImpl.java:77)
	at java.base/jdk.internal.reflect.DelegatingMethodAccessorImpl.invoke(DelegatingMethodAccessorImpl.java:43)
	at java.base/java.lang.reflect.Method.invoke(Method.java:568)
	at org.testng.internal.MethodInvocationHelper.invokeMethod(MethodInvocationHelper.java:108)
	at org.testng.internal.Invoker.invokeMethod(Invoker.java:661)
	at org.testng.internal.Invoker.invokeTestMethod(Invoker.java:869)
	at org.testng.internal.Invoker.invokeTestMethods(Invoker.java:1193)
	at org.testng.internal.TestMethodWorker.invokeTestMethods(TestMethodWorker.java:126)
	at org.testng.internal.TestMethodWorker.run(TestMethodWorker.java:109)
	at org.testng.TestRunner.privateRun(TestRunner.java:744)
	at org.testng.TestRunner.run(TestRunner.java:602)
	at org.testng.SuiteRunner.runTest(SuiteRunner.java:380)
	at org.testng.SuiteRunner.runSequentially(SuiteRunner.java:375)
	at org.testng.SuiteRunner.privateRun(SuiteRunner.java:340)
	at org.testng.SuiteRunner.run(SuiteRunner.java:289)
	at org.testng.SuiteRunnerWorker.runSuite(SuiteRunnerWorker.java:52)
	at org.testng.SuiteRunnerWorker.run(SuiteRunnerWorker.java:86)
	at org.testng.TestNG.runSuitesSequentially(TestNG.java:1301)
	at org.testng.TestNG.runSuitesLocally(TestNG.java:1226)
	at org.testng.TestNG.runSuites(TestNG.java:1144)
	at org.testng.TestNG.run(TestNG.java:1115)
	at org.testng.remote.AbstractRemoteTestNG.run(AbstractRemoteTestNG.java:115)
	at org.testng.remote.RemoteTestNG.initAndRun(RemoteTestNG.java:293)
	at org.testng.remote.RemoteTestNG.main(RemoteTestNG.java:91)
]]>
            </full-stacktrace>
          </exception> <!-- java.lang.AssertionError -->
          <reporter-output>
          </reporter-output>
        </test-method> <!-- SubmitOrder -->
        <test-method is-config="true" signature="CloseBrowser()[pri:0, instance:aniketkanselearning.tests.ErrorValidation@33b1c5c5]" started-at="2024-07-14T16:58:08Z" name="CloseBrowser" finished-at="2024-07-14T16:58:08Z" duration-ms="196" status="PASS">
          <reporter-output>
          </reporter-output>
        </test-method> <!-- CloseBrowser -->
        <test-method is-config="true" signature="LaunchApplication()[pri:0, instance:aniketkanselearning.tests.ErrorValidation@33b1c5c5]" started-at="2024-07-14T16:58:08Z" name="LaunchApplication" finished-at="2024-07-14T16:58:11Z" duration-ms="3125" status="PASS">
          <reporter-output>
          </reporter-output>
        </test-method> <!-- LaunchApplication -->
        <test-method signature="SubmitOrder()[pri:0, instance:aniketkanselearning.tests.ErrorValidation@33b1c5c5]" started-at="2024-07-14T16:58:11Z" name="SubmitOrder" finished-at="2024-07-14T16:58:13Z" duration-ms="1500" status="FAIL">
          <exception class="java.lang.AssertionError">
            <message>
              <![CDATA[expected [Incorrect email or password.] but found [Incorrect email o password.]]]>
            </message>
            <full-stacktrace>
              <![CDATA[java.lang.AssertionError: expected [Incorrect email or password.] but found [Incorrect email o password.]
	at org.testng.Assert.fail(Assert.java:93)
	at org.testng.Assert.failNotEquals(Assert.java:512)
	at org.testng.Assert.assertEqualsImpl(Assert.java:134)
	at org.testng.Assert.assertEquals(Assert.java:115)
	at org.testng.Assert.assertEquals(Assert.java:189)
	at org.testng.Assert.assertEquals(Assert.java:199)
	at aniketkanselearning.tests.ErrorValidation.SubmitOrder(ErrorValidation.java:36)
	at java.base/jdk.internal.reflect.NativeMethodAccessorImpl.invoke0(Native Method)
	at java.base/jdk.internal.reflect.NativeMethodAccessorImpl.invoke(NativeMethodAccessorImpl.java:77)
	at java.base/jdk.internal.reflect.DelegatingMethodAccessorImpl.invoke(DelegatingMethodAccessorImpl.java:43)
	at java.base/java.lang.reflect.Method.invoke(Method.java:568)
	at org.testng.internal.MethodInvocationHelper.invokeMethod(MethodInvocationHelper.java:108)
	at org.testng.internal.Invoker.invokeMethod(Invoker.java:661)
	at org.testng.internal.Invoker.retryFailed(Invoker.java:1014)
	at org.testng.internal.Invoker.invokeTestMethods(Invoker.java:1215)
	at org.testng.internal.TestMethodWorker.invokeTestMethods(TestMethodWorker.java:126)
	at org.testng.internal.TestMethodWorker.run(TestMethodWorker.java:109)
	at org.testng.TestRunner.privateRun(TestRunner.java:744)
	at org.testng.TestRunner.run(TestRunner.java:602)
	at org.testng.SuiteRunner.runTest(SuiteRunner.java:380)
	at org.testng.SuiteRunner.runSequentially(SuiteRunner.java:375)
	at org.testng.SuiteRunner.privateRun(SuiteRunner.java:340)
	at org.testng.SuiteRunner.run(SuiteRunner.java:289)
	at org.testng.SuiteRunnerWorker.runSuite(SuiteRunnerWorker.java:52)
	at org.testng.SuiteRunnerWorker.run(SuiteRunnerWorker.java:86)
	at org.testng.TestNG.runSuitesSequentially(TestNG.java:1301)
	at org.testng.TestNG.runSuitesLocally(TestNG.java:1226)
	at org.testng.TestNG.runSuites(TestNG.java:1144)
	at org.testng.TestNG.run(TestNG.java:1115)
	at org.testng.remote.AbstractRemoteTestNG.run(AbstractRemoteTestNG.java:115)
	at org.testng.remote.RemoteTestNG.initAndRun(RemoteTestNG.java:293)
	at org.testng.remote.RemoteTestNG.main(RemoteTestNG.java:91)
]]>
            </full-stacktrace>
          </exception> <!-- java.lang.AssertionError -->
          <reporter-output>
          </reporter-output>
        </test-method> <!-- SubmitOrder -->
        <test-method is-config="true" signature="CloseBrowser()[pri:0, instance:aniketkanselearning.tests.ErrorValidation@33b1c5c5]" started-at="2024-07-14T16:58:13Z" name="CloseBrowser" finished-at="2024-07-14T16:58:13Z" duration-ms="134" status="PASS">
          <reporter-output>
          </reporter-output>
        </test-method> <!-- CloseBrowser -->
      </class> <!-- aniketkanselearning.tests.ErrorValidation -->
    </test> <!-- ErrorValidationTest -->
  </suite> <!-- Suite -->
</testng-results>
